d:\learn\datastructure\datastructure\x64\debug\vc143.pdb
d:\learn\datastructure\datastructure\x64\debug\vc143.idb
d:\learn\datastructure\datastructure\x64\debug\main.obj
d:\learn\datastructure\datastructure\x64\debug\orderlist.obj
d:\learn\datastructure\datastructure\x64\debug\datastructure.ilk
d:\learn\datastructure\datastructure\x64\debug\profit.obj
d:\learn\datastructure\x64\debug\datastructure.pdb
d:\learn\datastructure\datastructure\x64\debug\datastructure.tlog\cl.command.1.tlog
d:\learn\datastructure\datastructure\x64\debug\datastructure.tlog\cl.items.tlog
d:\learn\datastructure\datastructure\x64\debug\datastructure.tlog\cl.read.1.tlog
d:\learn\datastructure\datastructure\x64\debug\datastructure.tlog\cl.write.1.tlog
d:\learn\datastructure\datastructure\x64\debug\datastructure.tlog\link-cvtres.read.1.tlog
d:\learn\datastructure\datastructure\x64\debug\datastructure.tlog\link-cvtres.write.1.tlog
d:\learn\datastructure\datastructure\x64\debug\datastructure.tlog\link-rc.read.1.tlog
d:\learn\datastructure\datastructure\x64\debug\datastructure.tlog\link-rc.write.1.tlog
d:\learn\datastructure\datastructure\x64\debug\datastructure.tlog\link.159296-cvtres.read.1.tlog
d:\learn\datastructure\datastructure\x64\debug\datastructure.tlog\link.159296-cvtres.write.1.tlog
d:\learn\datastructure\datastructure\x64\debug\datastructure.tlog\link.159296-rc.read.1.tlog
d:\learn\datastructure\datastructure\x64\debug\datastructure.tlog\link.159296-rc.write.1.tlog
d:\learn\datastructure\datastructure\x64\debug\datastructure.tlog\link.159296.read.1.tlog
d:\learn\datastructure\datastructure\x64\debug\datastructure.tlog\link.159296.read.2.tlog
d:\learn\datastructure\datastructure\x64\debug\datastructure.tlog\link.159296.read.3.tlog
d:\learn\datastructure\datastructure\x64\debug\datastructure.tlog\link.159296.read.4.tlog
d:\learn\datastructure\datastructure\x64\debug\datastructure.tlog\link.159296.write.1.tlog
d:\learn\datastructure\datastructure\x64\debug\datastructure.tlog\link.command.1.tlog
d:\learn\datastructure\datastructure\x64\debug\datastructure.tlog\link.read.1.tlog
d:\learn\datastructure\datastructure\x64\debug\datastructure.tlog\link.read.2.tlog
d:\learn\datastructure\datastructure\x64\debug\datastructure.tlog\link.read.3.tlog
d:\learn\datastructure\datastructure\x64\debug\datastructure.tlog\link.read.4.tlog
d:\learn\datastructure\datastructure\x64\debug\datastructure.tlog\link.read.5.tlog
d:\learn\datastructure\datastructure\x64\debug\datastructure.tlog\link.secondary.1.tlog
d:\learn\datastructure\datastructure\x64\debug\datastructure.tlog\link.write.1.tlog
